app/build/outputs/logs/manifest-merger-debug-report.txt
-- Merging decision tree log ---
manifest
ADDED from src/main/AndroidManifest.xml:16:1-62:12
	package
		ADDED from src/main/AndroidManifest.xml:17:5-27
		INJECTED from src/main/AndroidManifest.xml
		INJECTED from src/main/AndroidManifest.xml
	android:versionName
		INJECTED from src/main/AndroidManifest.xml
		INJECTED from src/main/AndroidManifest.xml
	xmlns:android
		ADDED from src/main/AndroidManifest.xml:16:11-69
	android:versionCode
		INJECTED from src/main/AndroidManifest.xml
		INJECTED from src/main/AndroidManifest.xml
uses-permission#android.permission.INTERNET
ADDED from src/main/AndroidManifest.xml:19:5-67
	android:name
		ADDED from src/main/AndroidManifest.xml:19:22-64
uses-permission#android.permission.ACCESS_NETWORK_STATE
ADDED from src/main/AndroidManifest.xml:20:5-79
	android:name
		ADDED from src/main/AndroidManifest.xml:20:22-76
uses-permission#android.permission.ACCESS_WIFI_STATE
ADDED from src/main/AndroidManifest.xml:21:5-76
	android:name
		ADDED from src/main/AndroidManifest.xml:21:22-73
application
ADDED from src/main/AndroidManifest.xml:23:5-61:19
MERGED from [com.facebook.android:facebook-android-sdk:4.20.0] AndroidManifest.xml:28:5-48:19
MERGED from [com.android.support:cardview-v7:25.0.0] AndroidManifest.xml:22:5-20
MERGED from [com.android.support:customtabs:25.0.0] AndroidManifest.xml:22:5-20
MERGED from [ALaBarra:AWSMobileHelper:unspecified] AndroidManifest.xml:19:5-52:19
MERGED from [com.android.support:appcompat-v7:25.0.0] AndroidManifest.xml:25:5-20
MERGED from [com.android.support:support-v4:25.0.0] AndroidManifest.xml:25:5-20
MERGED from [com.android.support:support-fragment:25.0.0] AndroidManifest.xml:25:5-20
MERGED from [com.android.support:support-media-compat:25.0.0] AndroidManifest.xml:25:5-20
MERGED from [com.android.support:support-core-ui:25.0.0] AndroidManifest.xml:25:5-20
MERGED from [com.android.support:support-core-utils:25.0.0] AndroidManifest.xml:25:5-20
MERGED from [com.android.support:animated-vector-drawable:25.0.0] AndroidManifest.xml:22:5-20
MERGED from [com.android.support:support-vector-drawable:25.0.0] AndroidManifest.xml:23:5-20
MERGED from [com.android.support:support-compat:25.0.0] AndroidManifest.xml:25:5-20
	android:label
		ADDED from src/main/AndroidManifest.xml:26:9-41
	android:supportsRtl
		ADDED from [ALaBarra:AWSMobileHelper:unspecified] AndroidManifest.xml:21:9-35
	android:allowBackup
		ADDED from src/main/AndroidManifest.xml:24:9-35
	android:icon
		ADDED from src/main/AndroidManifest.xml:25:9-43
	android:theme
		ADDED from src/main/AndroidManifest.xml:27:9-40
	android:name
		ADDED from src/main/AndroidManifest.xml:28:9-48
activity#com.alabarra.SplashActivity
ADDED from src/main/AndroidManifest.xml:30:9-38:20
	android:label
		ADDED from src/main/AndroidManifest.xml:32:13-45
	android:configChanges
		ADDED from src/main/AndroidManifest.xml:33:13-83
	android:name
		ADDED from src/main/AndroidManifest.xml:31:13-55
intent-filter#android.intent.action.MAIN+android.intent.category.LAUNCHER
ADDED from src/main/AndroidManifest.xml:34:13-37:29
action#android.intent.action.MAIN
ADDED from src/main/AndroidManifest.xml:35:17-69
	android:name
		ADDED from src/main/AndroidManifest.xml:35:25-66
category#android.intent.category.LAUNCHER
ADDED from src/main/AndroidManifest.xml:36:17-77
	android:name
		ADDED from src/main/AndroidManifest.xml:36:27-74
activity#com.alabarra.MainActivity
ADDED from src/main/AndroidManifest.xml:39:9-43:20
	android:label
		ADDED from src/main/AndroidManifest.xml:42:13-56
	android:launchMode
		ADDED from src/main/AndroidManifest.xml:41:13-48
	android:name
		ADDED from src/main/AndroidManifest.xml:40:13-53
activity#com.facebook.CustomTabActivity
ADDED from src/main/AndroidManifest.xml:47:9-56:20
	android:exported
		ADDED from src/main/AndroidManifest.xml:49:13-36
	android:name
		ADDED from src/main/AndroidManifest.xml:48:13-58
intent-filter#android.intent.action.VIEW+android.intent.category.BROWSABLE+android.intent.category.DEFAULT
ADDED from src/main/AndroidManifest.xml:50:13-55:29
action#android.intent.action.VIEW
ADDED from src/main/AndroidManifest.xml:51:17-69
	android:name
		ADDED from src/main/AndroidManifest.xml:51:25-66
category#android.intent.category.DEFAULT
ADDED from src/main/AndroidManifest.xml:52:17-76
	android:name
		ADDED from src/main/AndroidManifest.xml:52:27-73
category#android.intent.category.BROWSABLE
ADDED from src/main/AndroidManifest.xml:53:17-78
	android:name
		ADDED from src/main/AndroidManifest.xml:53:27-75
data
ADDED from src/main/AndroidManifest.xml:54:17-75
	android:scheme
		ADDED from src/main/AndroidManifest.xml:54:23-72
meta-data#com.facebook.sdk.ApplicationId
ADDED from src/main/AndroidManifest.xml:57:9-108
	android:value
		ADDED from src/main/AndroidManifest.xml:57:66-105
	android:name
		ADDED from src/main/AndroidManifest.xml:57:20-65
uses-sdk
INJECTED from src/main/AndroidManifest.xml reason: use-sdk injection requested
MERGED from [com.facebook.android:facebook-android-sdk:4.20.0] AndroidManifest.xml:24:5-26:41
MERGED from [com.android.support:cardview-v7:25.0.0] AndroidManifest.xml:20:5-43
MERGED from [com.android.support:customtabs:25.0.0] AndroidManifest.xml:20:5-44
MERGED from [com.android.support:multidex:1.0.0] AndroidManifest.xml:18:5-42
MERGED from [ALaBarra:AWSMobileHelper:unspecified] AndroidManifest.xml:15:5-17:41
MERGED from [com.android.support:appcompat-v7:25.0.0] AndroidManifest.xml:21:5-23:78
MERGED from [com.android.support:support-v4:25.0.0] AndroidManifest.xml:21:5-23:54
MERGED from [com.android.support:support-fragment:25.0.0] AndroidManifest.xml:21:5-23:60
MERGED from [com.android.support:support-media-compat:25.0.0] AndroidManifest.xml:21:5-23:63
MERGED from [com.android.support:support-core-ui:25.0.0] AndroidManifest.xml:21:5-23:58
MERGED from [com.android.support:support-core-utils:25.0.0] AndroidManifest.xml:21:5-23:61
MERGED from [com.android.support:animated-vector-drawable:25.0.0] AndroidManifest.xml:20:5-44
MERGED from [com.android.support:support-vector-drawable:25.0.0] AndroidManifest.xml:21:5-43
MERGED from [com.android.support:support-compat:25.0.0] AndroidManifest.xml:21:5-23:58
	tools:overrideLibrary
		ADDED from [com.android.support:appcompat-v7:25.0.0] AndroidManifest.xml:23:9-75
	android:targetSdkVersion
		INJECTED from src/main/AndroidManifest.xml
		INJECTED from src/main/AndroidManifest.xml
	android:minSdkVersion
		INJECTED from src/main/AndroidManifest.xml
		INJECTED from src/main/AndroidManifest.xml
activity#com.facebook.FacebookActivity
ADDED from [com.facebook.android:facebook-android-sdk:4.20.0] AndroidManifest.xml:29:9-32:66
	android:configChanges
		ADDED from [com.facebook.android:facebook-android-sdk:4.20.0] AndroidManifest.xml:31:13-96
	android:theme
		ADDED from [com.facebook.android:facebook-android-sdk:4.20.0] AndroidManifest.xml:32:13-63
	android:name
		ADDED from [com.facebook.android:facebook-android-sdk:4.20.0] AndroidManifest.xml:30:13-57
activity#com.facebook.CustomTabMainActivity
ADDED from [com.facebook.android:facebook-android-sdk:4.20.0] AndroidManifest.xml:33:9-71
	android:name
		ADDED from [com.facebook.android:facebook-android-sdk:4.20.0] AndroidManifest.xml:33:19-68
provider#com.facebook.internal.FacebookInitProvider
ADDED from [com.facebook.android:facebook-android-sdk:4.20.0] AndroidManifest.xml:44:9-47:40
	android:authorities
		ADDED from [com.facebook.android:facebook-android-sdk:4.20.0] AndroidManifest.xml:46:13-72
	android:exported
		ADDED from [com.facebook.android:facebook-android-sdk:4.20.0] AndroidManifest.xml:47:13-37
	android:name
		ADDED from [com.facebook.android:facebook-android-sdk:4.20.0] AndroidManifest.xml:45:13-70
activity#com.amazonaws.mobilehelper.auth.signin.ui.SignInActivity
ADDED from [ALaBarra:AWSMobileHelper:unspecified] AndroidManifest.xml:22:9-27:20
	android:screenOrientation
		ADDED from [ALaBarra:AWSMobileHelper:unspecified] AndroidManifest.xml:26:13-49
	android:label
		ADDED from [ALaBarra:AWSMobileHelper:unspecified] AndroidManifest.xml:25:13-59
	android:configChanges
		ADDED from [ALaBarra:AWSMobileHelper:unspecified] AndroidManifest.xml:24:13-83
	android:name
		ADDED from [ALaBarra:AWSMobileHelper:unspecified] AndroidManifest.xml:23:13-84
activity#com.amazonaws.mobilehelper.auth.signin.ui.userpools.ForgotPasswordActivity
ADDED from [ALaBarra:AWSMobileHelper:unspecified] AndroidManifest.xml:28:9-33:20
	android:screenOrientation
		ADDED from [ALaBarra:AWSMobileHelper:unspecified] AndroidManifest.xml:32:13-49
	android:label
		ADDED from [ALaBarra:AWSMobileHelper:unspecified] AndroidManifest.xml:31:13-67
	android:configChanges
		ADDED from [ALaBarra:AWSMobileHelper:unspecified] AndroidManifest.xml:30:13-83
	android:name
		ADDED from [ALaBarra:AWSMobileHelper:unspecified] AndroidManifest.xml:29:13-102
activity#com.amazonaws.mobilehelper.auth.signin.ui.userpools.SignUpActivity
ADDED from [ALaBarra:AWSMobileHelper:unspecified] AndroidManifest.xml:34:9-39:20
	android:screenOrientation
		ADDED from [ALaBarra:AWSMobileHelper:unspecified] AndroidManifest.xml:38:13-49
	android:label
		ADDED from [ALaBarra:AWSMobileHelper:unspecified] AndroidManifest.xml:37:13-59
	android:configChanges
		ADDED from [ALaBarra:AWSMobileHelper:unspecified] AndroidManifest.xml:36:13-83
	android:name
		ADDED from [ALaBarra:AWSMobileHelper:unspecified] AndroidManifest.xml:35:13-94
activity#com.amazonaws.mobilehelper.auth.signin.ui.userpools.MFAActivity
ADDED from [ALaBarra:AWSMobileHelper:unspecified] AndroidManifest.xml:40:9-45:20
	android:screenOrientation
		ADDED from [ALaBarra:AWSMobileHelper:unspecified] AndroidManifest.xml:44:13-49
	android:label
		ADDED from [ALaBarra:AWSMobileHelper:unspecified] AndroidManifest.xml:43:13-55
	android:configChanges
		ADDED from [ALaBarra:AWSMobileHelper:unspecified] AndroidManifest.xml:42:13-83
	android:name
		ADDED from [ALaBarra:AWSMobileHelper:unspecified] AndroidManifest.xml:41:13-91
activity#com.amazonaws.mobilehelper.auth.signin.ui.userpools.SignUpConfirmActivity
ADDED from [ALaBarra:AWSMobileHelper:unspecified] AndroidManifest.xml:46:9-51:20
	android:screenOrientation
		ADDED from [ALaBarra:AWSMobileHelper:unspecified] AndroidManifest.xml:50:13-49
	android:label
		ADDED from [ALaBarra:AWSMobileHelper:unspecified] AndroidManifest.xml:49:13-67
	android:configChanges
		ADDED from [ALaBarra:AWSMobileHelper:unspecified] AndroidManifest.xml:48:13-83
	android:name
		ADDED from [ALaBarra:AWSMobileHelper:unspecified] AndroidManifest.xml:47:13-101